[1120/191914.371:ERROR:directory_reader_win.cc(43)] FindFirstFile: The system cannot find the path specified. (0x3)
[1124/194603.481:ERROR:directory_reader_win.cc(43)] FindFirstFile: The system cannot find the path specified. (0x3)
[1125/075516.467:ERROR:directory_reader_win.cc(43)] FindFirstFile: The system cannot find the path specified. (0x3)
[1127/190339.430:ERROR:directory_reader_win.cc(43)] FindFirstFile: The system cannot find the path specified. (0x3)
[1130/144043.587:ERROR:directory_reader_win.cc(43)] FindFirstFile: The system cannot find the path specified. (0x3)
[1212/172709.804:ERROR:directory_reader_win.cc(43)] FindFirstFile: The system cannot find the path specified. (0x3)
[1220/154140.175:ERROR:directory_reader_win.cc(43)] FindFirstFile: The system cannot find the path specified. (0x3)
[1221/231311.996:ERROR:directory_reader_win.cc(43)] FindFirstFile: The system cannot find the path specified. (0x3)
<<<<<<< HEAD
[1222/102605.682:ERROR:directory_reader_win.cc(43)] FindFirstFile: The system cannot find the path specified. (0x3)
=======
[1222/202951.205:ERROR:directory_reader_win.cc(43)] FindFirstFile: The system cannot find the path specified. (0x3)
>>>>>>> master
[1223/105727.318:ERROR:directory_reader_win.cc(43)] FindFirstFile: The system cannot find the path specified. (0x3)
[1223/171317.636:ERROR:directory_reader_win.cc(43)] FindFirstFile: The system cannot find the path specified. (0x3)
[1224/104053.483:ERROR:directory_reader_win.cc(43)] FindFirstFile: The system cannot find the path specified. (0x3)
[1224/132948.904:ERROR:directory_reader_win.cc(43)] FindFirstFile: The system cannot find the path specified. (0x3)
[1224/141022.786:ERROR:directory_reader_win.cc(43)] FindFirstFile: The system cannot find the path specified. (0x3)
[1225/015806.836:ERROR:directory_reader_win.cc(43)] FindFirstFile: The system cannot find the path specified. (0x3)
[1225/103123.656:ERROR:directory_reader_win.cc(43)] FindFirstFile: The system cannot find the path specified. (0x3)
[1225/223353.686:ERROR:directory_reader_win.cc(43)] FindFirstFile: The system cannot find the path specified. (0x3)
[1226/124115.962:ERROR:directory_reader_win.cc(43)] FindFirstFile: The system cannot find the path specified. (0x3)
[1227/122936.268:ERROR:directory_reader_win.cc(43)] FindFirstFile: The system cannot find the path specified. (0x3)
[1227/145228.422:ERROR:process_reader_win.cc(188)] ResumeThread: The parameter is incorrect. (0x57)
[1227/145228.468:ERROR:process_reader_win.cc(151)] SuspendThread: Access is denied. (0x5)
[1227/145228.468:ERROR:process_reader_win.cc(151)] SuspendThread: Access is denied. (0x5)
[1227/145228.468:ERROR:process_reader_win.cc(151)] SuspendThread: Access is denied. (0x5)
[1227/145228.468:ERROR:process_reader_win.cc(151)] SuspendThread: Access is denied. (0x5)
[1227/145228.468:ERROR:process_reader_win.cc(151)] SuspendThread: Access is denied. (0x5)
[1227/145228.468:ERROR:process_reader_win.cc(151)] SuspendThread: Access is denied. (0x5)
[1227/145228.468:ERROR:process_reader_win.cc(151)] SuspendThread: Access is denied. (0x5)
[1227/145228.468:ERROR:process_reader_win.cc(151)] SuspendThread: Access is denied. (0x5)
[1227/145228.468:ERROR:process_reader_win.cc(151)] SuspendThread: Access is denied. (0x5)
[1227/145228.773:ERROR:filesystem_win.cc(129)] GetFileAttributes C:\Users\G580\AppData\Local\AVAST Software\Browser\User Data\Crashpad\attachments\cffc6692-4938-4c2b-918b-406790edb23e: The system cannot find the path specified. (0x3)
[1227/231926.744:ERROR:directory_reader_win.cc(43)] FindFirstFile: The system cannot find the path specified. (0x3)
[1230/150333.334:ERROR:directory_reader_win.cc(43)] FindFirstFile: The system cannot find the path specified. (0x3)
[0102/111706.702:ERROR:directory_reader_win.cc(43)] FindFirstFile: The system cannot find the path specified. (0x3)
[0106/093203.154:ERROR:directory_reader_win.cc(43)] FindFirstFile: The system cannot find the path specified. (0x3)
[0106/144424.348:ERROR:directory_reader_win.cc(43)] FindFirstFile: The system cannot find the path specified. (0x3)
[0109/111010.209:ERROR:directory_reader_win.cc(43)] FindFirstFile: The system cannot find the path specified. (0x3)
[0109/205808.835:ERROR:directory_reader_win.cc(43)] FindFirstFile: The system cannot find the path specified. (0x3)
[0110/131145.081:ERROR:directory_reader_win.cc(43)] FindFirstFile: The system cannot find the path specified. (0x3)
[0110/211531.438:ERROR:directory_reader_win.cc(43)] FindFirstFile: The system cannot find the path specified. (0x3)
[0113/090559.966:ERROR:directory_reader_win.cc(43)] FindFirstFile: The system cannot find the path specified. (0x3)
